Date/Time:       2024-12-20 19:51:30 
Command line:    C:\Users\georg\AppData\Local\Programs\Python\Python313\Scripts\briefcase new

OS Release:      Windows 10
OS Version:      10.0.19045
Architecture:    AMD64
Platform:        Windows-10-10.0.19045-SP0

Python exe:      C:\Users\georg\AppData\Local\Programs\Python\Python313\python.exe
Python version:  3.13.1 (tags/v3.13.1:0671451, Dec  3 2024, 19:06:28) [MSC v.1942 64 bit (AMD64)]
Virtual env:     False
Conda env:       False

Briefcase:       0.3.20
Target platform: all
Target format:   None

Environment Variables:
	ALLUSERSPROFILE=C:\ProgramData
	APPDATA=C:\Users\georg\AppData\Roaming
	COMMONPROGRAMFILES=C:\Program Files\Common Files
	COMMONPROGRAMFILES(X86)=C:\Program Files (x86)\Common Files
	COMMONPROGRAMW6432=C:\Program Files\Common Files
	COMPUTERNAME=DESKTOP-RURPBQG
	COMSPEC=C:\WINDOWS\system32\cmd.exe
	DRIVERDATA=C:\Windows\System32\Drivers\DriverData
	FPS_BROWSER_APP_PROFILE_STRING=Internet Explorer
	FPS_BROWSER_USER_PROFILE_STRING=Default
	GOPATH=C:\Users\georg\go
	HOMEDRIVE=C:
	HOMEPATH=\Users\georg
	LOCALAPPDATA=C:\Users\georg\AppData\Local
	LOGONSERVER=\\DESKTOP-RURPBQG
	NUMBER_OF_PROCESSORS=16
	ONEDRIVE=C:\Users\georg\OneDrive
	OS=Windows_NT
	PATH=C:\WINDOWS\system32;C:\WINDOWS;C:\WINDOWS\System32\Wbem;C:\WINDOWS\System32\WindowsPowerShell\v1.0\;C:\WINDOWS\System32\OpenSSH\;C:\Program Files\Go\bin;C:\Users\georg\.cargo\bin;C:\Users\georg\AppData\Local\Programs\Python\Python313\Scripts\;C:\Users\georg\AppData\Local\Programs\Python\Python313\;C:\Users\georg\AppData\Local\Microsoft\WindowsApps;C:\Users\georg\AppData\Local\Programs\Microsoft VS Code\bin;C:\Program Files\Inkscape\bin;C:\Users\georg\go\bin
	PATHEXT=.COM;.EXE;.BAT;.CMD;.VBS;.VBE;.JS;.JSE;.WSF;.WSH;.MSC;.CPL
	PROCESSOR_ARCHITECTURE=AMD64
	PROCESSOR_IDENTIFIER=Intel64 Family 6 Model 141 Stepping 1, GenuineIntel
	PROCESSOR_LEVEL=6
	PROCESSOR_REVISION=8d01
	PROGRAMDATA=C:\ProgramData
	PROGRAMFILES=C:\Program Files
	PROGRAMFILES(X86)=C:\Program Files (x86)
	PROGRAMW6432=C:\Program Files
	PSMODULEPATH=C:\Users\georg\Documents\WindowsPowerShell\Modules;C:\Program Files\WindowsPowerShell\Modules;C:\WINDOWS\system32\WindowsPowerShell\v1.0\Modules
	PUBLIC=C:\Users\Public
	SESSIONNAME=Console
	SYSTEMDRIVE=C:
	SYSTEMROOT=C:\WINDOWS
	TEMP=C:\Users\georg\AppData\Local\Temp
	TMP=C:\Users\georg\AppData\Local\Temp
	USERDOMAIN=DESKTOP-RURPBQG
	USERDOMAIN_ROAMINGPROFILE=DESKTOP-RURPBQG
	USERNAME=georg
	USERPROFILE=C:\Users\georg
	VBOX_MSI_INSTALL_PATH=C:\Program Files\Oracle\VirtualBox\
	WINDIR=C:\WINDOWS
	ZES_ENABLE_SYSMAN=1

pyproject.toml:
[Errno 2] No such file or directory: 'C:\\Users\\georg\\Desktop\\vonhi\\pyproject.toml'

Briefcase Log:
[19:51:30]                                                                                                                                                            __main__.py:44
           Briefcase requires git, but it is not installed (or is not on your PATH). Visit:                                                                           __main__.py:45
                                                                                                                                                                      __main__.py:45
               https://git-scm.com/                                                                                                                                   __main__.py:45
                                                                                                                                                                      __main__.py:45
           to download and install git manually.                                                                                                                      __main__.py:45
                                                                                                                                                                      __main__.py:45
           If you have installed git recently and are still getting this error, you may                                                                               __main__.py:45
           need to restart your terminal session.                                                                                                                     __main__.py:45
           Saving log... started                                                                                                                                      console.py:391

Main thread traceback:
╭─────────────────────────────────────────────────────────────────────── Traceback (most recent call last) ────────────────────────────────────────────────────────────────────────╮
│ C:\Users\georg\AppData\Local\Programs\Python\Python313\Lib\site-packages\git\__init__.py:296 in <module>                                                                         │
│                                                                                                                                                                                  │
│   293                                                                                                                                                                            │
│   294                                                                                                                                                                            │
│   295 try:                                                                                                                                                                       │
│ ❱ 296 │   refresh()                                                                                                                                                              │
│   297 except Exception as _exc:                                                                                                                                                  │
│   298 │   raise ImportError("Failed to initialize: {0}".format(_exc)) from _exc                                                                                                  │
│   299                                                                                                                                                                            │
│                                                                                                                                                                                  │
│ ╭────────────────────────────────────────────────────────────────────────── locals ──────────────────────────────────────────────────────────────────────────╮                   │
│ │           cmd = <module 'git.cmd' from 'C:\\Users\\georg\\AppData\\Local\\Programs\\Python\\Python313\\Lib\\site-packages\\git\\cmd.py'>                   │                   │
│ │        compat = <module 'git.compat' from 'C:\\Users\\georg\\AppData\\Local\\Programs\\Python\\Python313\\Lib\\site-packages\\git\\compat.py'>             │                   │
│ │        config = <module 'git.config' from 'C:\\Users\\georg\\AppData\\Local\\Programs\\Python\\Python313\\Lib\\site-packages\\git\\config.py'>             │                   │
│ │            db = <module 'git.db' from 'C:\\Users\\georg\\AppData\\Local\\Programs\\Python\\Python313\\Lib\\site-packages\\git\\db.py'>                     │                   │
│ │          diff = <module 'git.diff' from 'C:\\Users\\georg\\AppData\\Local\\Programs\\Python\\Python313\\Lib\\site-packages\\git\\diff.py'>                 │                   │
│ │           exc = <module 'git.exc' from 'C:\\Users\\georg\\AppData\\Local\\Programs\\Python\\Python313\\Lib\\site-packages\\git\\exc.py'>                   │                   │
│ │        GIT_OK = False                                                                                                                                      │                   │
│ │         INDEX = <DiffConstants.INDEX: 2>                                                                                                                   │                   │
│ │         index = <module 'git.index' from 'C:\\Users\\georg\\AppData\\Local\\Programs\\Python\\Python313\\Lib\\site-packages\\git\\index\\__init__.py'>     │                   │
│ │          List = typing.List                                                                                                                                │                   │
│ │     NULL_TREE = <DiffConstants.NULL_TREE: 1>                                                                                                               │                   │
│ │       objects = <module 'git.objects' from 'C:\\Users\\georg\\AppData\\Local\\Programs\\Python\\Python313\\Lib\\site-packages\\git\\objects\\__init__.py'> │                   │
│ │      Optional = typing.Optional                                                                                                                            │                   │
│ │      PathLike = typing.Union[str, ForwardRef('os.PathLike[str]')]                                                                                          │                   │
│ │          refs = <module 'git.refs' from 'C:\\Users\\georg\\AppData\\Local\\Programs\\Python\\Python313\\Lib\\site-packages\\git\\refs\\__init__.py'>       │                   │
│ │        remote = <module 'git.remote' from 'C:\\Users\\georg\\AppData\\Local\\Programs\\Python\\Python313\\Lib\\site-packages\\git\\remote.py'>             │                   │
│ │          repo = <module 'git.repo' from 'C:\\Users\\georg\\AppData\\Local\\Programs\\Python\\Python313\\Lib\\site-packages\\git\\repo\\__init__.py'>       │                   │
│ │      Sequence = typing.Sequence                                                                                                                            │                   │
│ │         Tuple = typing.Tuple                                                                                                                               │                   │
│ │ TYPE_CHECKING = False                                                                                                                                      │                   │
│ │         types = <module 'git.types' from 'C:\\Users\\georg\\AppData\\Local\\Programs\\Python\\Python313\\Lib\\site-packages\\git\\types.py'>               │                   │
│ │         Union = typing.Union                                                                                                                               │                   │
│ │      warnings = <module 'warnings' from 'C:\\Users\\georg\\AppData\\Local\\Programs\\Python\\Python313\\Lib\\warnings.py'>                                 │                   │
│ ╰────────────────────────────────────────────────────────────────────────────────────────────────────────────────────────────────────────────────────────────╯                   │
│                                                                                                                                                                                  │
│ C:\Users\georg\AppData\Local\Programs\Python\Python313\Lib\site-packages\git\__init__.py:287 in refresh                                                                          │
│                                                                                                                                                                                  │
│   284 │   global GIT_OK                                                                        ╭── locals ───╮                                                                   │
│   285 │   GIT_OK = False                                                                       │ path = None │                                                                   │
│   286 │                                                                                        ╰─────────────╯                                                                   │
│ ❱ 287 │   if not Git.refresh(path=path):                                                                                                                                         │
│   288 │   │   return                                                                                                                                                             │
│   289 │   if not FetchInfo.refresh():  # noqa: F405                                                                                                                              │
│   290 │   │   return  # type: ignore[unreachable]                                                                                                                                │
│                                                                                                                                                                                  │
│ C:\Users\georg\AppData\Local\Programs\Python\Python313\Lib\site-packages\git\cmd.py:631 in refresh                                                                               │
│                                                                                                                                                                                  │
│    628 │   │   │   │   │   if mode in warn:                                                                                                                                      │
│    629 │   │   │   │   │   │   _logger.critical(err)                                                                                                                             │
│    630 │   │   │   │   │   else:                                                                                                                                                 │
│ ❱  631 │   │   │   │   │   │   raise ImportError(err)                                                                                                                            │
│    632 │   │   │   │   else:                                                                                                                                                     │
│    633 │   │   │   │   │   err = dedent(                                                                                                                                         │
│    634 │   │   │   │   │   │   """\                                                                                                                                              │
│                                                                                                                                                                                  │
│ ╭────────────────────────────────────────────────── locals ───────────────────────────────────────────────────╮                                                                  │
│ │               err = 'Bad git executable.\nThe git executable must be specified in one of the following'+633 │                                                                  │
│ │             error = ['error', 'e', 'exception', 'raise', 'r', '2']                                          │                                                                  │
│ │           has_git = False                                                                                   │                                                                  │
│ │              mode = 'raise'                                                                                 │                                                                  │
│ │           new_git = 'git'                                                                                   │                                                                  │
│ │           old_git = None                                                                                    │                                                                  │
│ │ old_refresh_token = <object object at 0x0000028A40ED1AF0>                                                   │                                                                  │
│ │              path = None                                                                                    │                                                                  │
│ │             quiet = ['quiet', 'q', 'silence', 's', 'silent', 'none', 'n', '0']                              │                                                                  │
│ │              warn = ['warn', 'w', 'warning', 'log', 'l', '1']                                               │                                                                  │
│ ╰─────────────────────────────────────────────────────────────────────────────────────────────────────────────╯                                                                  │
╰──────────────────────────────────────────────────────────────────────────────────────────────────────────────────────────────────────────────────────────────────────────────────╯
ImportError: Bad git executable.
The git executable must be specified in one of the following ways:
    - be included in your $PATH
    - be set via $GIT_PYTHON_GIT_EXECUTABLE
    - explicitly set via git.refresh(<full-path-to-git-executable>)

All git commands will error until this is rectified.

This initial message can be silenced or aggravated in the future by setting the
$GIT_PYTHON_REFRESH environment variable. Use one of the following values:
    - quiet|q|silence|s|silent|none|n|0: for no message or exception
    - warn|w|warning|log|l|1: for a warning message (logging level CRITICAL, displayed by default)
    - error|e|exception|raise|r|2: for a raised exception

Example:
    export GIT_PYTHON_REFRESH=quiet


The above exception was the direct cause of the following exception:

╭─────────────────────────────────────────────────────────────────────── Traceback (most recent call last) ────────────────────────────────────────────────────────────────────────╮
│ C:\Users\georg\AppData\Local\Programs\Python\Python313\Lib\site-packages\briefcase\integrations\git.py:40 in verify_install                                                      │
│                                                                                                                                                                                  │
│   37 │   │                                                                                    ╭─────────────────────────────────── locals ────────────────────────────────────╮  │
│   38 │   │   # Check whether the git executable could be imported.                            │ kwargs = {'app': None}                                                        │  │
│   39 │   │   try:                                                                             │  tools = <briefcase.integrations.base.ToolCache object at 0x0000028A449C2900> │  │
│ ❱ 40 │   │   │   import git                                                                   ╰───────────────────────────────────────────────────────────────────────────────╯  │
│   41 │   │   except ImportError as e:  # pragma: no cover                                                                                                                        │
│   42 │   │   │   # macOS provides git as part of the Xcode command line tools,                                                                                                   │
│   43 │   │   │   # and also hijacks /usr/bin/git with a trigger that prompts the                                                                                                 │
│                                                                                                                                                                                  │
│ C:\Users\georg\AppData\Local\Programs\Python\Python313\Lib\site-packages\git\__init__.py:298 in <module>                                                                         │
│                                                                                                                                                                                  │
│   295 try:                                                                                                                                                                       │
│   296 │   refresh()                                                                                                                                                              │
│   297 except Exception as _exc:                                                                                                                                                  │
│ ❱ 298 │   raise ImportError("Failed to initialize: {0}".format(_exc)) from _exc                                                                                                  │
│   299                                                                                                                                                                            │
│   300 # } END initialize git executable path                                                                                                                                     │
│   301                                                                                                                                                                            │
│                                                                                                                                                                                  │
│ ╭────────────────────────────────────────────────────────────────────────── locals ──────────────────────────────────────────────────────────────────────────╮                   │
│ │           cmd = <module 'git.cmd' from 'C:\\Users\\georg\\AppData\\Local\\Programs\\Python\\Python313\\Lib\\site-packages\\git\\cmd.py'>                   │                   │
│ │        compat = <module 'git.compat' from 'C:\\Users\\georg\\AppData\\Local\\Programs\\Python\\Python313\\Lib\\site-packages\\git\\compat.py'>             │                   │
│ │        config = <module 'git.config' from 'C:\\Users\\georg\\AppData\\Local\\Programs\\Python\\Python313\\Lib\\site-packages\\git\\config.py'>             │                   │
│ │            db = <module 'git.db' from 'C:\\Users\\georg\\AppData\\Local\\Programs\\Python\\Python313\\Lib\\site-packages\\git\\db.py'>                     │                   │
│ │          diff = <module 'git.diff' from 'C:\\Users\\georg\\AppData\\Local\\Programs\\Python\\Python313\\Lib\\site-packages\\git\\diff.py'>                 │                   │
│ │           exc = <module 'git.exc' from 'C:\\Users\\georg\\AppData\\Local\\Programs\\Python\\Python313\\Lib\\site-packages\\git\\exc.py'>                   │                   │
│ │        GIT_OK = False                                                                                                                                      │                   │
│ │         INDEX = <DiffConstants.INDEX: 2>                                                                                                                   │                   │
│ │         index = <module 'git.index' from 'C:\\Users\\georg\\AppData\\Local\\Programs\\Python\\Python313\\Lib\\site-packages\\git\\index\\__init__.py'>     │                   │
│ │          List = typing.List                                                                                                                                │                   │
│ │     NULL_TREE = <DiffConstants.NULL_TREE: 1>                                                                                                               │                   │
│ │       objects = <module 'git.objects' from 'C:\\Users\\georg\\AppData\\Local\\Programs\\Python\\Python313\\Lib\\site-packages\\git\\objects\\__init__.py'> │                   │
│ │      Optional = typing.Optional                                                                                                                            │                   │
│ │      PathLike = typing.Union[str, ForwardRef('os.PathLike[str]')]                                                                                          │                   │
│ │          refs = <module 'git.refs' from 'C:\\Users\\georg\\AppData\\Local\\Programs\\Python\\Python313\\Lib\\site-packages\\git\\refs\\__init__.py'>       │                   │
│ │        remote = <module 'git.remote' from 'C:\\Users\\georg\\AppData\\Local\\Programs\\Python\\Python313\\Lib\\site-packages\\git\\remote.py'>             │                   │
│ │          repo = <module 'git.repo' from 'C:\\Users\\georg\\AppData\\Local\\Programs\\Python\\Python313\\Lib\\site-packages\\git\\repo\\__init__.py'>       │                   │
│ │      Sequence = typing.Sequence                                                                                                                            │                   │
│ │         Tuple = typing.Tuple                                                                                                                               │                   │
│ │ TYPE_CHECKING = False                                                                                                                                      │                   │
│ │         types = <module 'git.types' from 'C:\\Users\\georg\\AppData\\Local\\Programs\\Python\\Python313\\Lib\\site-packages\\git\\types.py'>               │                   │
│ │         Union = typing.Union                                                                                                                               │                   │
│ │      warnings = <module 'warnings' from 'C:\\Users\\georg\\AppData\\Local\\Programs\\Python\\Python313\\Lib\\warnings.py'>                                 │                   │
│ ╰────────────────────────────────────────────────────────────────────────────────────────────────────────────────────────────────────────────────────────────╯                   │
╰──────────────────────────────────────────────────────────────────────────────────────────────────────────────────────────────────────────────────────────────────────────────────╯
ImportError: Failed to initialize: Bad git executable.
The git executable must be specified in one of the following ways:
    - be included in your $PATH
    - be set via $GIT_PYTHON_GIT_EXECUTABLE
    - explicitly set via git.refresh(<full-path-to-git-executable>)

All git commands will error until this is rectified.

This initial message can be silenced or aggravated in the future by setting the
$GIT_PYTHON_REFRESH environment variable. Use one of the following values:
    - quiet|q|silence|s|silent|none|n|0: for no message or exception
    - warn|w|warning|log|l|1: for a warning message (logging level CRITICAL, displayed by default)
    - error|e|exception|raise|r|2: for a raised exception

Example:
    export GIT_PYTHON_REFRESH=quiet


The above exception was the direct cause of the following exception:

╭─────────────────────────────────────────────────────────────────────── Traceback (most recent call last) ────────────────────────────────────────────────────────────────────────╮
│ C:\Users\georg\AppData\Local\Programs\Python\Python313\Lib\site-packages\briefcase\__main__.py:29 in main                                                                        │
│                                                                                                                                                                                  │
│   26 │   │   │   Path.cwd() / "pyproject.toml",                                                                                                                                  │
│   27 │   │   │   overrides=overrides,                                                                                                                                            │
│   28 │   │   )                                                                                                                                                                   │
│ ❱ 29 │   │   command(**options)                                                                                                                                                  │
│   30 │   except HelpText as e:                                                                                                                                                   │
│   31 │   │   logger.info()                                                                                                                                                       │
│   32 │   │   logger.info(str(e))                                                                                                                                                 │
│                                                                                                                                                                                  │
│ ╭─────────────────────────────────────────────────────────────────────────────────── locals ───────────────────────────────────────────────────────────────────────────────────╮ │
│ │       command = <briefcase.commands.new.NewCommand object at 0x0000028A449C1D30>                                                                                             │ │
│ │       console = <briefcase.console.Console object at 0x0000028A449C0980>                                                                                                     │ │
│ │             e = BriefcaseCommandError('Briefcase requires git, but it is not installed (or is not on your PATH). Visit:\n\n    https://git-scm.com/\n\nto download and       │ │
│ │                 install git manually.\n\nIf you have installed git recently and are still getting this error, you may\nneed to restart your terminal session.\n')            │ │
│ │ extra_cmdline = []                                                                                                                                                           │ │
│ │        logger = <briefcase.console.Log object at 0x0000028A449C0AD0>                                                                                                         │ │
│ │       options = {'template': None, 'template_branch': None, 'project_overrides': None}                                                                                       │ │
│ │     overrides = {}                                                                                                                                                           │ │
│ │       printer = <briefcase.console.Printer object at 0x0000028A44843CB0>                                                                                                     │ │
│ │        result = 200                                                                                                                                                          │ │
│ ╰──────────────────────────────────────────────────────────────────────────────────────────────────────────────────────────────────────────────────────────────────────────────╯ │
│                                                                                                                                                                                  │
│ C:\Users\georg\AppData\Local\Programs\Python\Python313\Lib\site-packages\briefcase\commands\new.py:752 in __call__                                                               │
│                                                                                                                                                                                  │
│   749 │   ):                                                                                                                                                                     │
│   750 │   │   # Confirm host compatibility, and that all required tools are available.                                                                                           │
│   751 │   │   # There are no apps, so finalize() will be a no op on app configurations.                                                                                          │
│ ❱ 752 │   │   self.finalize()                                                                                                                                                    │
│   753 │   │                                                                                                                                                                      │
│   754 │   │   return self.new_app(                                                                                                                                               │
│   755 │   │   │   template=template,                                                                                                                                             │
│                                                                                                                                                                                  │
│ ╭─────────────────────────────────────── locals ───────────────────────────────────────╮                                                                                         │
│ │           options = {}                                                               │                                                                                         │
│ │ project_overrides = None                                                             │                                                                                         │
│ │              self = <briefcase.commands.new.NewCommand object at 0x0000028A449C1D30> │                                                                                         │
│ │          template = None                                                             │                                                                                         │
│ │   template_branch = None                                                             │                                                                                         │
│ ╰──────────────────────────────────────────────────────────────────────────────────────╯                                                                                         │
│                                                                                                                                                                                  │
│ C:\Users\georg\AppData\Local\Programs\Python\Python313\Lib\site-packages\briefcase\commands\base.py:609 in finalize                                                              │
│                                                                                                                                                                                  │
│    606 │   │   │   to finalize. By default, all apps will be finalized.                         ╭──────────────────────────────── locals ─────────────────────────────────╮      │
│    607 │   │   """                                                                              │  app = None                                                             │      │
│    608 │   │   self.verify_host()                                                               │ self = <briefcase.commands.new.NewCommand object at 0x0000028A449C1D30> │      │
│ ❱  609 │   │   self.verify_tools()                                                              ╰─────────────────────────────────────────────────────────────────────────╯      │
│    610 │   │                                                                                                                                                                     │
│    611 │   │   if app is None:                                                                                                                                                   │
│    612 │   │   │   for app in self.apps.values():                                                                                                                                │
│                                                                                                                                                                                  │
│ C:\Users\georg\AppData\Local\Programs\Python\Python313\Lib\site-packages\briefcase\commands\new.py:741 in verify_tools                                                           │
│                                                                                                                                                                                  │
│   738 │   │   Raises MissingToolException if a required system tool is missing.                ╭──────────────────────────────── locals ─────────────────────────────────╮       │
│   739 │   │   """                                                                              │ self = <briefcase.commands.new.NewCommand object at 0x0000028A449C1D30> │       │
│   740 │   │   super().verify_tools()                                                           ╰─────────────────────────────────────────────────────────────────────────╯       │
│ ❱ 741 │   │   Git.verify(tools=self.tools)                                                                                                                                       │
│   742 │                                                                                                                                                                          │
│   743 │   def __call__(                                                                                                                                                          │
│   744 │   │   self,                                                                                                                                                              │
│                                                                                                                                                                                  │
│ C:\Users\georg\AppData\Local\Programs\Python\Python313\Lib\site-packages\briefcase\integrations\base.py:77 in verify                                                             │
│                                                                                                                                                                                  │
│    74 │   ) -> ToolT:                                                                          ╭─────────────────────────────────── locals ────────────────────────────────────╮ │
│    75 │   │   """Confirm the tool is available and usable on the host platform."""             │    app = None                                                                 │ │
│    76 │   │   cls.verify_host(tools=tools)                                                     │ kwargs = {}                                                                   │ │
│ ❱  77 │   │   tool = cls.verify_install(tools=tools, app=app, **kwargs)                        │  tools = <briefcase.integrations.base.ToolCache object at 0x0000028A449C2900> │ │
│    78 │   │   return tool                                                                      ╰───────────────────────────────────────────────────────────────────────────────╯ │
│    79 │                                                                                                                                                                          │
│    80 │   @classmethod                                                                                                                                                           │
│                                                                                                                                                                                  │
│ C:\Users\georg\AppData\Local\Programs\Python\Python313\Lib\site-packages\briefcase\integrations\git.py:65 in verify_install                                                      │
│                                                                                                                                                                                  │
│   62 │   │   │   │   ) from e                                                                 ╭─────────────────────────────────── locals ────────────────────────────────────╮  │
│   63 │   │   │                                                                                │ kwargs = {'app': None}                                                        │  │
│   64 │   │   │   else:                                                                        │  tools = <briefcase.integrations.base.ToolCache object at 0x0000028A449C2900> │  │
│ ❱ 65 │   │   │   │   raise BriefcaseCommandError(                                             ╰───────────────────────────────────────────────────────────────────────────────╯  │
│   66 │   │   │   │   │   f"""\                                                                                                                                                   │
│   67 Briefcase requires git, but it is not installed (or is not on your PATH). Visit:                                                                                            │
│   68                                                                                                                                                                             │
╰──────────────────────────────────────────────────────────────────────────────────────────────────────────────────────────────────────────────────────────────────────────────────╯
BriefcaseCommandError: Briefcase requires git, but it is not installed (or is not on your PATH). Visit:

    https://git-scm.com/

to download and install git manually.

If you have installed git recently and are still getting this error, you may
need to restart your terminal session.

